<?xml version="1.0" encoding="UTF-8"?>
<!-- Generated by org.testng.reporters.JUnitXMLReporter -->
<testsuite ignored="0" hostname="DESKTOP-ROFA72B" failures="1" tests="1" name="Test" time="27.667" errors="0" timestamp="2023-09-17T16:28:27 IST">
  <testcase classname="io.cucumber.testng.AbstractTestNGCucumberTests" name="runScenario" time="25.451">
    <failure type="java.lang.NumberFormatException" message="For input string: &amp;quot;Get it by&amp;quot;">
      <![CDATA[java.lang.NumberFormatException: For input string: "Get it by"
at java.base/jdk.internal.math.FloatingDecimal.readJavaFormatString(FloatingDecimal.java:2054)
at java.base/jdk.internal.math.FloatingDecimal.parseDouble(FloatingDecimal.java:110)
at java.base/java.lang.Double.parseDouble(Double.java:651)
at com.test.pages.AmazonTestPage.print5RatingItemsFromFilteredList(AmazonTestPage.java:140)
at com.test.stepDefinitions.AmazonTestStepDef.print5RatingItems(AmazonTestStepDef.java:131)
at ✽.Print all the products whose rating is 5.0(file:///C:/Users/MY%20PC/TestProjects/CucumberTestAutomation/src/test/resources/features/AmazonTest.feature:23)
]]>
    </failure>
  </testcase> <!-- runScenario -->
</testsuite> <!-- Test -->
