<?xml version="1.0" encoding="UTF-8"?>
<testng-results ignored="0" total="1" passed="0" failed="1" skipped="0">
  <reporter-output>
  </reporter-output>
  <suite started-at="2023-09-17T16:27:59 IST" name="Suite" finished-at="2023-09-17T16:28:27 IST" duration-ms="27667">
    <groups>
      <group name="cucumber">
        <method signature="AbstractTestNGCucumberTests.runScenario(io.cucumber.testng.PickleWrapper,io.cucumber.testng.FeatureWrapper)[pri:0, instance:com.test.runner.TestRunner@ec2cc4]" name="runScenario" class="io.cucumber.testng.AbstractTestNGCucumberTests"/>
      </group> <!-- cucumber -->
    </groups>
    <test started-at="2023-09-17T16:27:59 IST" name="Test" finished-at="2023-09-17T16:28:27 IST" duration-ms="27667">
      <class name="com.test.runner.TestRunner">
        <test-method is-config="true" signature="setUpClass(org.testng.ITestContext)[pri:0, instance:com.test.runner.TestRunner@ec2cc4]" started-at="2023-09-17T16:27:59 IST" name="setUpClass" finished-at="2023-09-17T16:28:00 IST" duration-ms="911" status="PASS">
          <params>
            <param index="0">
              <value>
                <![CDATA[org.testng.TestRunner@547aaa32]]>
              </value>
            </param>
          </params>
          <reporter-output>
          </reporter-output>
        </test-method> <!-- setUpClass -->
        <test-method signature="runScenario(io.cucumber.testng.PickleWrapper,io.cucumber.testng.FeatureWrapper)[pri:0, instance:com.test.runner.TestRunner@ec2cc4]" started-at="2023-09-17T16:28:00 IST" name="runScenario" description="Runs Cucumber Scenarios" data-provider="scenarios" finished-at="2023-09-17T16:28:25 IST" duration-ms="25451" status="FAIL">
          <params>
            <param index="0">
              <value>
                <![CDATA["Validate google search with keyword"]]>
              </value>
            </param>
            <param index="1">
              <value>
                <![CDATA["Amazon product search"]]>
              </value>
            </param>
          </params>
          <exception class="java.lang.NumberFormatException">
            <message>
              <![CDATA[For input string: "Get it by"]]>
            </message>
            <full-stacktrace>
              <![CDATA[java.lang.NumberFormatException: For input string: "Get it by"
at java.base/jdk.internal.math.FloatingDecimal.readJavaFormatString(FloatingDecimal.java:2054)
at java.base/jdk.internal.math.FloatingDecimal.parseDouble(FloatingDecimal.java:110)
at java.base/java.lang.Double.parseDouble(Double.java:651)
at com.test.pages.AmazonTestPage.print5RatingItemsFromFilteredList(AmazonTestPage.java:140)
at com.test.stepDefinitions.AmazonTestStepDef.print5RatingItems(AmazonTestStepDef.java:131)
at ✽.Print all the products whose rating is 5.0(file:///C:/Users/MY%20PC/TestProjects/CucumberTestAutomation/src/test/resources/features/AmazonTest.feature:23)
]]>
            </full-stacktrace>
          </exception> <!-- java.lang.NumberFormatException -->
          <reporter-output>
          </reporter-output>
        </test-method> <!-- runScenario -->
        <test-method is-config="true" signature="tearDownClass()[pri:0, instance:com.test.runner.TestRunner@ec2cc4]" started-at="2023-09-17T16:28:25 IST" name="tearDownClass" finished-at="2023-09-17T16:28:27 IST" duration-ms="1202" status="PASS">
          <reporter-output>
          </reporter-output>
        </test-method> <!-- tearDownClass -->
      </class> <!-- com.test.runner.TestRunner -->
    </test> <!-- Test -->
  </suite> <!-- Suite -->
</testng-results>
