<?xml version="1.0" encoding="UTF-8"?>
<testng-results ignored="0" total="1" passed="1" failed="0" skipped="0">
  <reporter-output>
  </reporter-output>
  <suite started-at="2023-09-12T08:55:19 IST" name="Cucumber Test Automation Suite" finished-at="2023-09-12T08:55:31 IST" duration-ms="11717">
    <groups>
      <group name="cucumber">
        <method signature="AbstractTestNGCucumberTests.runScenario(io.cucumber.testng.PickleWrapper,io.cucumber.testng.FeatureWrapper)[pri:0, instance:com.test.runner.TestRunner@5e81e5ac]" name="runScenario" class="io.cucumber.testng.AbstractTestNGCucumberTests"/>
      </group> <!-- cucumber -->
    </groups>
    <test started-at="2023-09-12T08:55:19 IST" name="Test Automation" finished-at="2023-09-12T08:55:31 IST" duration-ms="11717">
      <class name="com.test.runner.TestRunner">
        <test-method is-config="true" signature="setUpClass(org.testng.ITestContext)[pri:0, instance:com.test.runner.TestRunner@5e81e5ac]" started-at="2023-09-12T08:55:19 IST" name="setUpClass" finished-at="2023-09-12T08:55:20 IST" duration-ms="724" status="PASS">
          <params>
            <param index="0">
              <value>
                <![CDATA[org.testng.TestRunner@ceb7701]]>
              </value>
            </param>
          </params>
          <reporter-output>
          </reporter-output>
        </test-method> <!-- setUpClass -->
        <test-method signature="runScenario(io.cucumber.testng.PickleWrapper,io.cucumber.testng.FeatureWrapper)[pri:0, instance:com.test.runner.TestRunner@5e81e5ac]" started-at="2023-09-12T08:55:20 IST" name="runScenario" description="Runs Cucumber Scenarios" data-provider="scenarios" finished-at="2023-09-12T08:55:31 IST" duration-ms="10357" status="PASS">
          <params>
            <param index="0">
              <value>
                <![CDATA[": Validate login"]]>
              </value>
            </param>
            <param index="1">
              <value>
                <![CDATA["Validate login"]]>
              </value>
            </param>
          </params>
          <reporter-output>
          </reporter-output>
        </test-method> <!-- runScenario -->
        <test-method is-config="true" signature="tearDownClass()[pri:0, instance:com.test.runner.TestRunner@5e81e5ac]" started-at="2023-09-12T08:55:31 IST" name="tearDownClass" finished-at="2023-09-12T08:55:31 IST" duration-ms="535" status="PASS">
          <reporter-output>
          </reporter-output>
        </test-method> <!-- tearDownClass -->
      </class> <!-- com.test.runner.TestRunner -->
    </test> <!-- Test Automation -->
  </suite> <!-- Cucumber Test Automation Suite -->
</testng-results>
