<?xml version="1.0" encoding="UTF-8"?>
<!-- Generated by org.testng.reporters.JUnitReportReporter -->
<testsuite hostname="DESKTOP-ROFA72B" failures="0" tests="1" name="com.test.runner.TestRunner" time="25.451" errors="1" timestamp="2023-09-17T16:28:28 IST" skipped="0">
  <testcase classname="com.test.runner.TestRunner" name="runScenario" time="25.451">
    <error message="For input string: &quot;Get it by&quot;" type="java.lang.NumberFormatException">
      <![CDATA[java.lang.NumberFormatException: For input string: "Get it by"
at java.base/jdk.internal.math.FloatingDecimal.readJavaFormatString(FloatingDecimal.java:2054)
at java.base/jdk.internal.math.FloatingDecimal.parseDouble(FloatingDecimal.java:110)
at java.base/java.lang.Double.parseDouble(Double.java:651)
at com.test.pages.AmazonTestPage.print5RatingItemsFromFilteredList(AmazonTestPage.java:140)
at com.test.stepDefinitions.AmazonTestStepDef.print5RatingItems(AmazonTestStepDef.java:131)
at ✽.Print all the products whose rating is 5.0(file:///C:/Users/MY%20PC/TestProjects/CucumberTestAutomation/src/test/resources/features/AmazonTest.feature:23)
]]>
    </error>
  </testcase> <!-- runScenario -->
</testsuite> <!-- com.test.runner.TestRunner -->
